<?xml version="1.0" encoding="UTF-8"?>
<testsuite name="RequestLogProcessorTest" tests="4" skipped="0" failures="0" errors="0" timestamp="2025-05-04T05:22:32.658Z" hostname="MLK-SCS-HJGP6C3XT9" time="0.002">
  <properties/>
  <testcase name="testSkipInvalidLogs()" classname="RequestLogProcessorTest" time="0.001"/>
  <testcase name="testProcessSingleLog()" classname="RequestLogProcessorTest" time="0.0"/>
  <testcase name="testEmptyResults()" classname="RequestLogProcessorTest" time="0.0"/>
  <testcase name="testProcessMultipleLogs()" classname="RequestLogProcessorTest" time="0.0"/>
  <system-out><![CDATA[]]></system-out>
  <system-err><![CDATA[]]></system-err>
</testsuite>
