<?xml version="1.0" encoding="UTF-8"?>
<testsuite name="IntegrationTest" tests="1" skipped="0" failures="0" errors="0" timestamp="2025-05-04T05:22:32.047Z" hostname="MLK-SCS-HJGP6C3XT9" time="0.044">
  <properties/>
  <testcase name="testEndToEndProcess()" classname="IntegrationTest" time="0.044"/>
  <system-out><![CDATA[]]></system-out>
  <system-err><![CDATA[]]></system-err>
</testsuite>
