<?xml version="1.0" encoding="UTF-8"?>
<testsuite name="LogAnalyzerTest" tests="2" skipped="0" failures="0" errors="0" timestamp="2025-05-04T05:22:32.093Z" hostname="MLK-SCS-HJGP6C3XT9" time="0.564">
  <properties/>
  <testcase name="testAnalyze()" classname="LogAnalyzerTest" time="0.551"/>
  <testcase name="testOutputResults()" classname="LogAnalyzerTest" time="0.013"/>
  <system-out><![CDATA[]]></system-out>
  <system-err><![CDATA[WARNING: A Java agent has been loaded dynamically (/Users/spartan/.gradle/caches/modules-2/files-2.1/net.bytebuddy/byte-buddy-agent/1.14.4/3bf5ac1104554908cc623e40e58a00be37c35f36/byte-buddy-agent-1.14.4.jar)
WARNING: If a serviceability tool is in use, please run with -XX:+EnableDynamicAgentLoading to hide this warning
WARNING: If a serviceability tool is not in use, please run with -Djdk.instrument.traceUsage for more information
WARNING: Dynamic loading of agents will be disallowed by default in a future release
]]></system-err>
</testsuite>
