<?xml version="1.0" encoding="UTF-8"?>
<testsuite name="APMLogProcessorTest" tests="4" skipped="0" failures="0" errors="0" timestamp="2025-05-04T05:22:32.009Z" hostname="MLK-SCS-HJGP6C3XT9" time="0.027">
  <properties/>
  <testcase name="testProcessSingleMetric()" classname="APMLogProcessorTest" time="0.023"/>
  <testcase name="testProcessMultipleMetrics()" classname="APMLogProcessorTest" time="0.001"/>
  <testcase name="testSkipInvalidLogs()" classname="APMLogProcessorTest" time="0.001"/>
  <testcase name="testEmptyResults()" classname="APMLogProcessorTest" time="0.0"/>
  <system-out><![CDATA[]]></system-out>
  <system-err><![CDATA[]]></system-err>
</testsuite>
